<?xml version="1.0" encoding="UTF-8"?>
<!-- Generated by org.testng.reporters.JUnitReportReporter -->
<testsuite hostname="MacBook-Pro.local" failures="0" tests="3" name="ExcelDataDriver_1" time="0.004" errors="0" timestamp="2022-05-16T21:12:28 IST" skipped="0">
  <testcase classname="ExcelDataDriver_1" name="test" time="0.004"/>
  <system-out/>
  <testcase classname="ExcelDataDriver_1" name="test" time="0.000"/>
  <system-out/>
  <testcase classname="ExcelDataDriver_1" name="test" time="0.000"/>
  <system-out/>
</testsuite> <!-- ExcelDataDriver_1 -->
