<?xml version="1.0" encoding="UTF-8"?>
<!-- Generated by org.testng.reporters.JUnitReportReporter -->
<testsuite hostname="MacBook-Pro.local" failures="0" tests="3" name="ExcelDataDriven" time="0.006" errors="0" timestamp="2022-05-16T20:58:06 IST" skipped="0">
  <testcase classname="ExcelDataDriven" name="testExcel" time="0.004"/>
  <system-out/>
  <testcase classname="ExcelDataDriven" name="testExcel" time="0.001"/>
  <system-out/>
  <testcase classname="ExcelDataDriven" name="testExcel" time="0.001"/>
  <system-out/>
</testsuite> <!-- ExcelDataDriven -->
